<?xml version="1.0" encoding="UTF-8"?>
<testng-results ignored="0" total="1" passed="1" failed="0" skipped="0">
  <reporter-output>
  </reporter-output>
  <suite started-at="2023-01-20T05:43:00Z" name="Default suite" finished-at="2023-01-20T05:57:20Z" duration-ms="860328">
    <groups>
    </groups>
    <test started-at="2023-01-20T05:43:00Z" name="Default test" finished-at="2023-01-20T05:57:20Z" duration-ms="860328">
      <class name="payment">
        <test-method signature="readdata()[pri:0, instance:payment@68c9133c]" started-at="2023-01-20T05:43:00Z" name="readdata" finished-at="2023-01-20T05:57:20Z" duration-ms="860302" status="PASS">
          <reporter-output>
          </reporter-output>
        </test-method> <!-- readdata -->
      </class> <!-- payment -->
    </test> <!-- Default test -->
  </suite> <!-- Default suite -->
</testng-results>
